Release 14.2 Map P.28xd (nt64)
Xilinx Mapping Report File for Design 'MIPS'

Design Information
------------------
Command Line   : map -intstyle ise -p xc3s500e-fg320-4 -cm area -ir off -pr off
-c 100 -o MIPS_map.ncd MIPS.ngd MIPS.pcf 
Target Device  : xc3s500e
Target Package : fg320
Target Speed   : -4
Mapper Version : spartan3e -- $Revision: 1.55 $
Mapped Date    : Mon Nov 02 17:37:04 2015

Design Summary
--------------
Number of errors:      0
Number of warnings:   83
Logic Utilization:
  Number of Slice Flip Flops:           138 out of   9,312    1%
  Number of 4 input LUTs:               414 out of   9,312    4%
Logic Distribution:
  Number of occupied Slices:            259 out of   4,656    5%
    Number of Slices containing only related logic:     259 out of     259 100%
    Number of Slices containing unrelated logic:          0 out of     259   0%
      *See NOTES below for an explanation of the effects of unrelated logic.
  Total Number of 4 input LUTs:         415 out of   9,312    4%
    Number used as logic:               350
    Number used as a route-thru:          1
    Number used for Dual Port RAMs:      64
      (Two LUTs used per Dual Port RAM)

  The Slice Logic Distribution report is not meaningful if the design is
  over-mapped for a non-slice resource or if Placement fails.

  Number of bonded IOBs:                 52 out of     232   22%
  Number of RAMB16s:                      2 out of      20   10%
  Number of BUFGMUXs:                     4 out of      24   16%

Average Fanout of Non-Clock Nets:                3.55

Peak Memory Usage:  270 MB
Total REAL time to MAP completion:  9 secs 
Total CPU time to MAP completion:   3 secs 

NOTES:

   Related logic is defined as being logic that shares connectivity - e.g. two
   LUTs are "related" if they share common inputs.  When assembling slices,
   Map gives priority to combine logic that is related.  Doing so results in
   the best timing performance.

   Unrelated logic shares no connectivity.  Map will only begin packing
   unrelated logic into a slice once 99% of the slices are occupied through
   related logic packing.

   Note that once logic distribution reaches the 99% level through related
   logic packing, this does not mean the device is completely utilized.
   Unrelated logic packing will then begin, continuing until all usable LUTs
   and FFs are occupied.  Depending on your timing budget, increased levels of
   unrelated logic packing may adversely affect the overall timing performance
   of your design.

Table of Contents
-----------------
Section 1 - Errors
Section 2 - Warnings
Section 3 - Informational
Section 4 - Removed Logic Summary
Section 5 - Removed Logic
Section 6 - IOB Properties
Section 7 - RPMs
Section 8 - Guide Report
Section 9 - Area Group and Partition Summary
Section 10 - Timing Report
Section 11 - Configuration String Information
Section 12 - Control Set Information
Section 13 - Utilization by Hierarchy

Section 1 - Errors
------------------

Section 2 - Warnings
--------------------
WARNING:PhysDesignRules:372 - Gated clock. Clock net Clk1_sim_OBUF is sourced by
   a combinatorial pin. This is not good design practice. Use the CE pin to
   control the loading of data into the flip-flop.
WARNING:PhysDesignRules:372 - Gated clock. Clock net Clk2_sim_OBUF is sourced by
   a combinatorial pin. This is not good design practice. Use the CE pin to
   control the loading of data into the flip-flop.
WARNING:PhysDesignRules:372 - Gated clock. Clock net Clk4_sim_OBUF is sourced by
   a combinatorial pin. This is not good design practice. Use the CE pin to
   control the loading of data into the flip-flop.
WARNING:PhysDesignRules:372 - Gated clock. Clock net ClockBlock/AND1 is sourced
   by a combinatorial pin. This is not good design practice. Use the CE pin to
   control the loading of data into the flip-flop.
WARNING:PhysDesignRules:367 - The signal <Interrupt_IBUF> is incomplete. The
   signal does not drive any load pins in the design.
WARNING:PhysDesignRules:812 - Dangling pin <DOB3> on
   block:<PCIM/ysda/U0/xst_blk_mem_generator/gnativebmg.native_blk_mem_gen/valid
   .cstr/ramloop[0].ram.r/s3_init.ram/spram.ram.B>:<RAMB16_RAMB16B>.
WARNING:PhysDesignRules:812 - Dangling pin <DOB4> on
   block:<PCIM/ysda/U0/xst_blk_mem_generator/gnativebmg.native_blk_mem_gen/valid
   .cstr/ramloop[0].ram.r/s3_init.ram/spram.ram.B>:<RAMB16_RAMB16B>.
WARNING:PhysDesignRules:812 - Dangling pin <DOB5> on
   block:<PCIM/ysda/U0/xst_blk_mem_generator/gnativebmg.native_blk_mem_gen/valid
   .cstr/ramloop[0].ram.r/s3_init.ram/spram.ram.B>:<RAMB16_RAMB16B>.
WARNING:PhysDesignRules:812 - Dangling pin <DOB6> on
   block:<PCIM/ysda/U0/xst_blk_mem_generator/gnativebmg.native_blk_mem_gen/valid
   .cstr/ramloop[0].ram.r/s3_init.ram/spram.ram.B>:<RAMB16_RAMB16B>.
WARNING:PhysDesignRules:812 - Dangling pin <DOB7> on
   block:<PCIM/ysda/U0/xst_blk_mem_generator/gnativebmg.native_blk_mem_gen/valid
   .cstr/ramloop[0].ram.r/s3_init.ram/spram.ram.B>:<RAMB16_RAMB16B>.
WARNING:PhysDesignRules:812 - Dangling pin <DOB10> on
   block:<PCIM/ysda/U0/xst_blk_mem_generator/gnativebmg.native_blk_mem_gen/valid
   .cstr/ramloop[0].ram.r/s3_init.ram/spram.ram.B>:<RAMB16_RAMB16B>.
WARNING:PhysDesignRules:812 - Dangling pin <DOB11> on
   block:<PCIM/ysda/U0/xst_blk_mem_generator/gnativebmg.native_blk_mem_gen/valid
   .cstr/ramloop[0].ram.r/s3_init.ram/spram.ram.B>:<RAMB16_RAMB16B>.
WARNING:PhysDesignRules:812 - Dangling pin <DOB12> on
   block:<PCIM/ysda/U0/xst_blk_mem_generator/gnativebmg.native_blk_mem_gen/valid
   .cstr/ramloop[0].ram.r/s3_init.ram/spram.ram.B>:<RAMB16_RAMB16B>.
WARNING:PhysDesignRules:812 - Dangling pin <DOB13> on
   block:<PCIM/ysda/U0/xst_blk_mem_generator/gnativebmg.native_blk_mem_gen/valid
   .cstr/ramloop[0].ram.r/s3_init.ram/spram.ram.B>:<RAMB16_RAMB16B>.
WARNING:PhysDesignRules:812 - Dangling pin <DOB14> on
   block:<PCIM/ysda/U0/xst_blk_mem_generator/gnativebmg.native_blk_mem_gen/valid
   .cstr/ramloop[0].ram.r/s3_init.ram/spram.ram.B>:<RAMB16_RAMB16B>.
WARNING:PhysDesignRules:812 - Dangling pin <DOB15> on
   block:<PCIM/ysda/U0/xst_blk_mem_generator/gnativebmg.native_blk_mem_gen/valid
   .cstr/ramloop[0].ram.r/s3_init.ram/spram.ram.B>:<RAMB16_RAMB16B>.
WARNING:PhysDesignRules:812 - Dangling pin <DOB19> on
   block:<PCIM/ysda/U0/xst_blk_mem_generator/gnativebmg.native_blk_mem_gen/valid
   .cstr/ramloop[0].ram.r/s3_init.ram/spram.ram.B>:<RAMB16_RAMB16B>.
WARNING:PhysDesignRules:812 - Dangling pin <DOB20> on
   block:<PCIM/ysda/U0/xst_blk_mem_generator/gnativebmg.native_blk_mem_gen/valid
   .cstr/ramloop[0].ram.r/s3_init.ram/spram.ram.B>:<RAMB16_RAMB16B>.
WARNING:PhysDesignRules:812 - Dangling pin <DOB21> on
   block:<PCIM/ysda/U0/xst_blk_mem_generator/gnativebmg.native_blk_mem_gen/valid
   .cstr/ramloop[0].ram.r/s3_init.ram/spram.ram.B>:<RAMB16_RAMB16B>.
WARNING:PhysDesignRules:812 - Dangling pin <DOB22> on
   block:<PCIM/ysda/U0/xst_blk_mem_generator/gnativebmg.native_blk_mem_gen/valid
   .cstr/ramloop[0].ram.r/s3_init.ram/spram.ram.B>:<RAMB16_RAMB16B>.
WARNING:PhysDesignRules:812 - Dangling pin <DOB23> on
   block:<PCIM/ysda/U0/xst_blk_mem_generator/gnativebmg.native_blk_mem_gen/valid
   .cstr/ramloop[0].ram.r/s3_init.ram/spram.ram.B>:<RAMB16_RAMB16B>.
WARNING:PhysDesignRules:812 - Dangling pin <DOB26> on
   block:<PCIM/ysda/U0/xst_blk_mem_generator/gnativebmg.native_blk_mem_gen/valid
   .cstr/ramloop[0].ram.r/s3_init.ram/spram.ram.B>:<RAMB16_RAMB16B>.
WARNING:PhysDesignRules:812 - Dangling pin <DOB27> on
   block:<PCIM/ysda/U0/xst_blk_mem_generator/gnativebmg.native_blk_mem_gen/valid
   .cstr/ramloop[0].ram.r/s3_init.ram/spram.ram.B>:<RAMB16_RAMB16B>.
WARNING:PhysDesignRules:812 - Dangling pin <DOB28> on
   block:<PCIM/ysda/U0/xst_blk_mem_generator/gnativebmg.native_blk_mem_gen/valid
   .cstr/ramloop[0].ram.r/s3_init.ram/spram.ram.B>:<RAMB16_RAMB16B>.
WARNING:PhysDesignRules:812 - Dangling pin <DOB29> on
   block:<PCIM/ysda/U0/xst_blk_mem_generator/gnativebmg.native_blk_mem_gen/valid
   .cstr/ramloop[0].ram.r/s3_init.ram/spram.ram.B>:<RAMB16_RAMB16B>.
WARNING:PhysDesignRules:812 - Dangling pin <DOB30> on
   block:<PCIM/ysda/U0/xst_blk_mem_generator/gnativebmg.native_blk_mem_gen/valid
   .cstr/ramloop[0].ram.r/s3_init.ram/spram.ram.B>:<RAMB16_RAMB16B>.
WARNING:PhysDesignRules:812 - Dangling pin <DOB31> on
   block:<PCIM/ysda/U0/xst_blk_mem_generator/gnativebmg.native_blk_mem_gen/valid
   .cstr/ramloop[0].ram.r/s3_init.ram/spram.ram.B>:<RAMB16_RAMB16B>.
WARNING:PhysDesignRules:812 - Dangling pin <DOA1> on
   block:<DM/DM1/U0/xst_blk_mem_generator/gnativebmg.native_blk_mem_gen/valid.cs
   tr/ramloop[0].ram.r/s3_init.ram/spram.ram.A>:<RAMB16_RAMB16A>.
WARNING:PhysDesignRules:812 - Dangling pin <DOA2> on
   block:<DM/DM1/U0/xst_blk_mem_generator/gnativebmg.native_blk_mem_gen/valid.cs
   tr/ramloop[0].ram.r/s3_init.ram/spram.ram.A>:<RAMB16_RAMB16A>.
WARNING:PhysDesignRules:812 - Dangling pin <DOA3> on
   block:<DM/DM1/U0/xst_blk_mem_generator/gnativebmg.native_blk_mem_gen/valid.cs
   tr/ramloop[0].ram.r/s3_init.ram/spram.ram.A>:<RAMB16_RAMB16A>.
WARNING:PhysDesignRules:812 - Dangling pin <DOA4> on
   block:<DM/DM1/U0/xst_blk_mem_generator/gnativebmg.native_blk_mem_gen/valid.cs
   tr/ramloop[0].ram.r/s3_init.ram/spram.ram.A>:<RAMB16_RAMB16A>.
WARNING:PhysDesignRules:812 - Dangling pin <DOA5> on
   block:<DM/DM1/U0/xst_blk_mem_generator/gnativebmg.native_blk_mem_gen/valid.cs
   tr/ramloop[0].ram.r/s3_init.ram/spram.ram.A>:<RAMB16_RAMB16A>.
WARNING:PhysDesignRules:812 - Dangling pin <DOA6> on
   block:<DM/DM1/U0/xst_blk_mem_generator/gnativebmg.native_blk_mem_gen/valid.cs
   tr/ramloop[0].ram.r/s3_init.ram/spram.ram.A>:<RAMB16_RAMB16A>.
WARNING:PhysDesignRules:812 - Dangling pin <DOA7> on
   block:<DM/DM1/U0/xst_blk_mem_generator/gnativebmg.native_blk_mem_gen/valid.cs
   tr/ramloop[0].ram.r/s3_init.ram/spram.ram.A>:<RAMB16_RAMB16A>.
WARNING:PhysDesignRules:812 - Dangling pin <DOA9> on
   block:<DM/DM1/U0/xst_blk_mem_generator/gnativebmg.native_blk_mem_gen/valid.cs
   tr/ramloop[0].ram.r/s3_init.ram/spram.ram.A>:<RAMB16_RAMB16A>.
WARNING:PhysDesignRules:812 - Dangling pin <DOA10> on
   block:<DM/DM1/U0/xst_blk_mem_generator/gnativebmg.native_blk_mem_gen/valid.cs
   tr/ramloop[0].ram.r/s3_init.ram/spram.ram.A>:<RAMB16_RAMB16A>.
WARNING:PhysDesignRules:812 - Dangling pin <DOA11> on
   block:<DM/DM1/U0/xst_blk_mem_generator/gnativebmg.native_blk_mem_gen/valid.cs
   tr/ramloop[0].ram.r/s3_init.ram/spram.ram.A>:<RAMB16_RAMB16A>.
WARNING:PhysDesignRules:812 - Dangling pin <DOA12> on
   block:<DM/DM1/U0/xst_blk_mem_generator/gnativebmg.native_blk_mem_gen/valid.cs
   tr/ramloop[0].ram.r/s3_init.ram/spram.ram.A>:<RAMB16_RAMB16A>.
WARNING:PhysDesignRules:812 - Dangling pin <DOA13> on
   block:<DM/DM1/U0/xst_blk_mem_generator/gnativebmg.native_blk_mem_gen/valid.cs
   tr/ramloop[0].ram.r/s3_init.ram/spram.ram.A>:<RAMB16_RAMB16A>.
WARNING:PhysDesignRules:812 - Dangling pin <DOA14> on
   block:<DM/DM1/U0/xst_blk_mem_generator/gnativebmg.native_blk_mem_gen/valid.cs
   tr/ramloop[0].ram.r/s3_init.ram/spram.ram.A>:<RAMB16_RAMB16A>.
WARNING:PhysDesignRules:812 - Dangling pin <DOA15> on
   block:<DM/DM1/U0/xst_blk_mem_generator/gnativebmg.native_blk_mem_gen/valid.cs
   tr/ramloop[0].ram.r/s3_init.ram/spram.ram.A>:<RAMB16_RAMB16A>.
WARNING:PhysDesignRules:812 - Dangling pin <DOA17> on
   block:<DM/DM1/U0/xst_blk_mem_generator/gnativebmg.native_blk_mem_gen/valid.cs
   tr/ramloop[0].ram.r/s3_init.ram/spram.ram.A>:<RAMB16_RAMB16A>.
WARNING:PhysDesignRules:812 - Dangling pin <DOA18> on
   block:<DM/DM1/U0/xst_blk_mem_generator/gnativebmg.native_blk_mem_gen/valid.cs
   tr/ramloop[0].ram.r/s3_init.ram/spram.ram.A>:<RAMB16_RAMB16A>.
WARNING:PhysDesignRules:812 - Dangling pin <DOA19> on
   block:<DM/DM1/U0/xst_blk_mem_generator/gnativebmg.native_blk_mem_gen/valid.cs
   tr/ramloop[0].ram.r/s3_init.ram/spram.ram.A>:<RAMB16_RAMB16A>.
WARNING:PhysDesignRules:812 - Dangling pin <DOA20> on
   block:<DM/DM1/U0/xst_blk_mem_generator/gnativebmg.native_blk_mem_gen/valid.cs
   tr/ramloop[0].ram.r/s3_init.ram/spram.ram.A>:<RAMB16_RAMB16A>.
WARNING:PhysDesignRules:812 - Dangling pin <DOA21> on
   block:<DM/DM1/U0/xst_blk_mem_generator/gnativebmg.native_blk_mem_gen/valid.cs
   tr/ramloop[0].ram.r/s3_init.ram/spram.ram.A>:<RAMB16_RAMB16A>.
WARNING:PhysDesignRules:812 - Dangling pin <DOA22> on
   block:<DM/DM1/U0/xst_blk_mem_generator/gnativebmg.native_blk_mem_gen/valid.cs
   tr/ramloop[0].ram.r/s3_init.ram/spram.ram.A>:<RAMB16_RAMB16A>.
WARNING:PhysDesignRules:812 - Dangling pin <DOA23> on
   block:<DM/DM1/U0/xst_blk_mem_generator/gnativebmg.native_blk_mem_gen/valid.cs
   tr/ramloop[0].ram.r/s3_init.ram/spram.ram.A>:<RAMB16_RAMB16A>.
WARNING:PhysDesignRules:812 - Dangling pin <DOA25> on
   block:<DM/DM1/U0/xst_blk_mem_generator/gnativebmg.native_blk_mem_gen/valid.cs
   tr/ramloop[0].ram.r/s3_init.ram/spram.ram.A>:<RAMB16_RAMB16A>.
WARNING:PhysDesignRules:812 - Dangling pin <DOA26> on
   block:<DM/DM1/U0/xst_blk_mem_generator/gnativebmg.native_blk_mem_gen/valid.cs
   tr/ramloop[0].ram.r/s3_init.ram/spram.ram.A>:<RAMB16_RAMB16A>.
WARNING:PhysDesignRules:812 - Dangling pin <DOA27> on
   block:<DM/DM1/U0/xst_blk_mem_generator/gnativebmg.native_blk_mem_gen/valid.cs
   tr/ramloop[0].ram.r/s3_init.ram/spram.ram.A>:<RAMB16_RAMB16A>.
WARNING:PhysDesignRules:812 - Dangling pin <DOA28> on
   block:<DM/DM1/U0/xst_blk_mem_generator/gnativebmg.native_blk_mem_gen/valid.cs
   tr/ramloop[0].ram.r/s3_init.ram/spram.ram.A>:<RAMB16_RAMB16A>.
WARNING:PhysDesignRules:812 - Dangling pin <DOA29> on
   block:<DM/DM1/U0/xst_blk_mem_generator/gnativebmg.native_blk_mem_gen/valid.cs
   tr/ramloop[0].ram.r/s3_init.ram/spram.ram.A>:<RAMB16_RAMB16A>.
WARNING:PhysDesignRules:812 - Dangling pin <DOA30> on
   block:<DM/DM1/U0/xst_blk_mem_generator/gnativebmg.native_blk_mem_gen/valid.cs
   tr/ramloop[0].ram.r/s3_init.ram/spram.ram.A>:<RAMB16_RAMB16A>.
WARNING:PhysDesignRules:812 - Dangling pin <DOA31> on
   block:<DM/DM1/U0/xst_blk_mem_generator/gnativebmg.native_blk_mem_gen/valid.cs
   tr/ramloop[0].ram.r/s3_init.ram/spram.ram.A>:<RAMB16_RAMB16A>.
WARNING:PhysDesignRules:812 - Dangling pin <DOB1> on
   block:<DM/DM1/U0/xst_blk_mem_generator/gnativebmg.native_blk_mem_gen/valid.cs
   tr/ramloop[0].ram.r/s3_init.ram/spram.ram.B>:<RAMB16_RAMB16B>.
WARNING:PhysDesignRules:812 - Dangling pin <DOB2> on
   block:<DM/DM1/U0/xst_blk_mem_generator/gnativebmg.native_blk_mem_gen/valid.cs
   tr/ramloop[0].ram.r/s3_init.ram/spram.ram.B>:<RAMB16_RAMB16B>.
WARNING:PhysDesignRules:812 - Dangling pin <DOB3> on
   block:<DM/DM1/U0/xst_blk_mem_generator/gnativebmg.native_blk_mem_gen/valid.cs
   tr/ramloop[0].ram.r/s3_init.ram/spram.ram.B>:<RAMB16_RAMB16B>.
WARNING:PhysDesignRules:812 - Dangling pin <DOB4> on
   block:<DM/DM1/U0/xst_blk_mem_generator/gnativebmg.native_blk_mem_gen/valid.cs
   tr/ramloop[0].ram.r/s3_init.ram/spram.ram.B>:<RAMB16_RAMB16B>.
WARNING:PhysDesignRules:812 - Dangling pin <DOB5> on
   block:<DM/DM1/U0/xst_blk_mem_generator/gnativebmg.native_blk_mem_gen/valid.cs
   tr/ramloop[0].ram.r/s3_init.ram/spram.ram.B>:<RAMB16_RAMB16B>.
WARNING:PhysDesignRules:812 - Dangling pin <DOB6> on
   block:<DM/DM1/U0/xst_blk_mem_generator/gnativebmg.native_blk_mem_gen/valid.cs
   tr/ramloop[0].ram.r/s3_init.ram/spram.ram.B>:<RAMB16_RAMB16B>.
WARNING:PhysDesignRules:812 - Dangling pin <DOB7> on
   block:<DM/DM1/U0/xst_blk_mem_generator/gnativebmg.native_blk_mem_gen/valid.cs
   tr/ramloop[0].ram.r/s3_init.ram/spram.ram.B>:<RAMB16_RAMB16B>.
WARNING:PhysDesignRules:812 - Dangling pin <DOB9> on
   block:<DM/DM1/U0/xst_blk_mem_generator/gnativebmg.native_blk_mem_gen/valid.cs
   tr/ramloop[0].ram.r/s3_init.ram/spram.ram.B>:<RAMB16_RAMB16B>.
WARNING:PhysDesignRules:812 - Dangling pin <DOB10> on
   block:<DM/DM1/U0/xst_blk_mem_generator/gnativebmg.native_blk_mem_gen/valid.cs
   tr/ramloop[0].ram.r/s3_init.ram/spram.ram.B>:<RAMB16_RAMB16B>.
WARNING:PhysDesignRules:812 - Dangling pin <DOB11> on
   block:<DM/DM1/U0/xst_blk_mem_generator/gnativebmg.native_blk_mem_gen/valid.cs
   tr/ramloop[0].ram.r/s3_init.ram/spram.ram.B>:<RAMB16_RAMB16B>.
WARNING:PhysDesignRules:812 - Dangling pin <DOB12> on
   block:<DM/DM1/U0/xst_blk_mem_generator/gnativebmg.native_blk_mem_gen/valid.cs
   tr/ramloop[0].ram.r/s3_init.ram/spram.ram.B>:<RAMB16_RAMB16B>.
WARNING:PhysDesignRules:812 - Dangling pin <DOB13> on
   block:<DM/DM1/U0/xst_blk_mem_generator/gnativebmg.native_blk_mem_gen/valid.cs
   tr/ramloop[0].ram.r/s3_init.ram/spram.ram.B>:<RAMB16_RAMB16B>.
WARNING:PhysDesignRules:812 - Dangling pin <DOB14> on
   block:<DM/DM1/U0/xst_blk_mem_generator/gnativebmg.native_blk_mem_gen/valid.cs
   tr/ramloop[0].ram.r/s3_init.ram/spram.ram.B>:<RAMB16_RAMB16B>.
WARNING:PhysDesignRules:812 - Dangling pin <DOB15> on
   block:<DM/DM1/U0/xst_blk_mem_generator/gnativebmg.native_blk_mem_gen/valid.cs
   tr/ramloop[0].ram.r/s3_init.ram/spram.ram.B>:<RAMB16_RAMB16B>.
WARNING:PhysDesignRules:812 - Dangling pin <DOB17> on
   block:<DM/DM1/U0/xst_blk_mem_generator/gnativebmg.native_blk_mem_gen/valid.cs
   tr/ramloop[0].ram.r/s3_init.ram/spram.ram.B>:<RAMB16_RAMB16B>.
WARNING:PhysDesignRules:812 - Dangling pin <DOB18> on
   block:<DM/DM1/U0/xst_blk_mem_generator/gnativebmg.native_blk_mem_gen/valid.cs
   tr/ramloop[0].ram.r/s3_init.ram/spram.ram.B>:<RAMB16_RAMB16B>.
WARNING:PhysDesignRules:812 - Dangling pin <DOB19> on
   block:<DM/DM1/U0/xst_blk_mem_generator/gnativebmg.native_blk_mem_gen/valid.cs
   tr/ramloop[0].ram.r/s3_init.ram/spram.ram.B>:<RAMB16_RAMB16B>.
WARNING:PhysDesignRules:812 - Dangling pin <DOB20> on
   block:<DM/DM1/U0/xst_blk_mem_generator/gnativebmg.native_blk_mem_gen/valid.cs
   tr/ramloop[0].ram.r/s3_init.ram/spram.ram.B>:<RAMB16_RAMB16B>.
WARNING:PhysDesignRules:812 - Dangling pin <DOB21> on
   block:<DM/DM1/U0/xst_blk_mem_generator/gnativebmg.native_blk_mem_gen/valid.cs
   tr/ramloop[0].ram.r/s3_init.ram/spram.ram.B>:<RAMB16_RAMB16B>.
WARNING:PhysDesignRules:812 - Dangling pin <DOB22> on
   block:<DM/DM1/U0/xst_blk_mem_generator/gnativebmg.native_blk_mem_gen/valid.cs
   tr/ramloop[0].ram.r/s3_init.ram/spram.ram.B>:<RAMB16_RAMB16B>.
WARNING:PhysDesignRules:812 - Dangling pin <DOB23> on
   block:<DM/DM1/U0/xst_blk_mem_generator/gnativebmg.native_blk_mem_gen/valid.cs
   tr/ramloop[0].ram.r/s3_init.ram/spram.ram.B>:<RAMB16_RAMB16B>.
WARNING:PhysDesignRules:812 - Dangling pin <DOB25> on
   block:<DM/DM1/U0/xst_blk_mem_generator/gnativebmg.native_blk_mem_gen/valid.cs
   tr/ramloop[0].ram.r/s3_init.ram/spram.ram.B>:<RAMB16_RAMB16B>.
WARNING:PhysDesignRules:812 - Dangling pin <DOB26> on
   block:<DM/DM1/U0/xst_blk_mem_generator/gnativebmg.native_blk_mem_gen/valid.cs
   tr/ramloop[0].ram.r/s3_init.ram/spram.ram.B>:<RAMB16_RAMB16B>.
WARNING:PhysDesignRules:812 - Dangling pin <DOB27> on
   block:<DM/DM1/U0/xst_blk_mem_generator/gnativebmg.native_blk_mem_gen/valid.cs
   tr/ramloop[0].ram.r/s3_init.ram/spram.ram.B>:<RAMB16_RAMB16B>.
WARNING:PhysDesignRules:812 - Dangling pin <DOB28> on
   block:<DM/DM1/U0/xst_blk_mem_generator/gnativebmg.native_blk_mem_gen/valid.cs
   tr/ramloop[0].ram.r/s3_init.ram/spram.ram.B>:<RAMB16_RAMB16B>.
WARNING:PhysDesignRules:812 - Dangling pin <DOB29> on
   block:<DM/DM1/U0/xst_blk_mem_generator/gnativebmg.native_blk_mem_gen/valid.cs
   tr/ramloop[0].ram.r/s3_init.ram/spram.ram.B>:<RAMB16_RAMB16B>.
WARNING:PhysDesignRules:812 - Dangling pin <DOB30> on
   block:<DM/DM1/U0/xst_blk_mem_generator/gnativebmg.native_blk_mem_gen/valid.cs
   tr/ramloop[0].ram.r/s3_init.ram/spram.ram.B>:<RAMB16_RAMB16B>.
WARNING:PhysDesignRules:812 - Dangling pin <DOB31> on
   block:<DM/DM1/U0/xst_blk_mem_generator/gnativebmg.native_blk_mem_gen/valid.cs
   tr/ramloop[0].ram.r/s3_init.ram/spram.ram.B>:<RAMB16_RAMB16B>.

Section 3 - Informational
-------------------------
INFO:LIT:243 - Logical network Interrupt_IBUF has no load.
INFO:LIT:395 - The above info message is repeated 32 more times for the
   following (max. 5 shown):
   RF/Mram_Register_Bank_ren16/SPO,
   RF/Mram_Register_Bank_ren15/SPO,
   RF/Mram_Register_Bank_ren14/SPO,
   RF/Mram_Register_Bank_ren13/SPO,
   RF/Mram_Register_Bank_ren12/SPO
   To see the details of these info messages, please use the -detail switch.
INFO:MapLib:562 - No environment variables are currently set.
INFO:MapLib:159 - Net Timing constraints on signal Input_Clk are pushed forward
   through input buffer.
INFO:LIT:244 - All of the single ended outputs in this design are using slew
   rate limited output drivers. The delay on speed critical single ended outputs
   can be dramatically reduced by designating them as fast outputs.

Section 4 - Removed Logic Summary
---------------------------------
   6 block(s) optimized away

Section 5 - Removed Logic
-------------------------

Optimized Block(s):
TYPE 		BLOCK
GND 		DM/DM1/XST_GND
VCC 		DM/DM1/XST_VCC
GND 		PCIM/ysda/XST_GND
VCC 		PCIM/ysda/XST_VCC
GND 		XST_GND
VCC 		XST_VCC

To enable printing of redundant blocks removed and signals merged, set the
detailed map report option and rerun map.

Section 6 - IOB Properties
--------------------------

+---------------------------------------------------------------------------------------------------------------------------------------------------------+
| IOB Name                           | Type             | Direction | IO Standard          | Diff  | Drive    | Slew | Reg (s)      | Resistor | IOB      |
|                                    |                  |           |                      | Term  | Strength | Rate |              |          | Delay    |
+---------------------------------------------------------------------------------------------------------------------------------------------------------+
| A<0>                               | IOB              | OUTPUT    | LVCMOS25             |       | 12       | SLOW |              |          | 0 / 0    |
| A<1>                               | IOB              | OUTPUT    | LVCMOS25             |       | 12       | SLOW |              |          | 0 / 0    |
| A<2>                               | IOB              | OUTPUT    | LVCMOS25             |       | 12       | SLOW |              |          | 0 / 0    |
| A<3>                               | IOB              | OUTPUT    | LVCMOS25             |       | 12       | SLOW |              |          | 0 / 0    |
| A<4>                               | IOB              | OUTPUT    | LVCMOS25             |       | 12       | SLOW |              |          | 0 / 0    |
| A<5>                               | IOB              | OUTPUT    | LVCMOS25             |       | 12       | SLOW |              |          | 0 / 0    |
| A<6>                               | IOB              | OUTPUT    | LVCMOS25             |       | 12       | SLOW |              |          | 0 / 0    |
| A<7>                               | IOB              | OUTPUT    | LVCMOS25             |       | 12       | SLOW |              |          | 0 / 0    |
| B<0>                               | IOB              | OUTPUT    | LVCMOS25             |       | 12       | SLOW |              |          | 0 / 0    |
| B<1>                               | IOB              | OUTPUT    | LVCMOS25             |       | 12       | SLOW |              |          | 0 / 0    |
| B<2>                               | IOB              | OUTPUT    | LVCMOS25             |       | 12       | SLOW |              |          | 0 / 0    |
| B<3>                               | IOB              | OUTPUT    | LVCMOS25             |       | 12       | SLOW |              |          | 0 / 0    |
| B<4>                               | IOB              | OUTPUT    | LVCMOS25             |       | 12       | SLOW |              |          | 0 / 0    |
| B<5>                               | IOB              | OUTPUT    | LVCMOS25             |       | 12       | SLOW |              |          | 0 / 0    |
| B<6>                               | IOB              | OUTPUT    | LVCMOS25             |       | 12       | SLOW |              |          | 0 / 0    |
| B<7>                               | IOB              | OUTPUT    | LVCMOS25             |       | 12       | SLOW |              |          | 0 / 0    |
| Clk1_sim                           | IOB              | OUTPUT    | LVCMOS25             |       | 12       | SLOW |              |          | 0 / 0    |
| Clk2_sim                           | IOB              | OUTPUT    | LVCMOS25             |       | 12       | SLOW |              |          | 0 / 0    |
| Clk3_sim                           | IOB              | OUTPUT    | LVCMOS25             |       | 12       | SLOW |              |          | 0 / 0    |
| Clk4_sim                           | IOB              | OUTPUT    | LVCMOS25             |       | 12       | SLOW |              |          | 0 / 0    |
| Clk5_sim                           | IOB              | OUTPUT    | LVCMOS25             |       | 12       | SLOW |              |          | 0 / 0    |
| Clk_sim                            | IOB              | OUTPUT    | LVCMOS25             |       | 12       | SLOW |              |          | 0 / 0    |
| Data_in<0>                         | IBUF             | INPUT     | LVCMOS25             |       |          |      |              |          | 0 / 0    |
| Data_in<1>                         | IBUF             | INPUT     | LVCMOS25             |       |          |      |              |          | 0 / 0    |
| Data_in<2>                         | IBUF             | INPUT     | LVCMOS25             |       |          |      |              |          | 0 / 0    |
| Data_in<3>                         | IBUF             | INPUT     | LVCMOS25             |       |          |      |              |          | 0 / 0    |
| Data_in<4>                         | IBUF             | INPUT     | LVCMOS25             |       |          |      |              |          | 0 / 0    |
| Data_in<5>                         | IBUF             | INPUT     | LVCMOS25             |       |          |      |              |          | 0 / 0    |
| Data_in<6>                         | IBUF             | INPUT     | LVCMOS25             |       |          |      |              |          | 0 / 0    |
| Data_in<7>                         | IBUF             | INPUT     | LVCMOS25             |       |          |      |              |          | 0 / 0    |
| Data_out<0>                        | IOB              | OUTPUT    | LVCMOS25             |       | 12       | SLOW |              |          | 0 / 0    |
| Data_out<1>                        | IOB              | OUTPUT    | LVCMOS25             |       | 12       | SLOW |              |          | 0 / 0    |
| Data_out<2>                        | IOB              | OUTPUT    | LVCMOS25             |       | 12       | SLOW |              |          | 0 / 0    |
| Data_out<3>                        | IOB              | OUTPUT    | LVCMOS25             |       | 12       | SLOW |              |          | 0 / 0    |
| Data_out<4>                        | IOB              | OUTPUT    | LVCMOS25             |       | 12       | SLOW |              |          | 0 / 0    |
| Data_out<5>                        | IOB              | OUTPUT    | LVCMOS25             |       | 12       | SLOW |              |          | 0 / 0    |
| Data_out<6>                        | IOB              | OUTPUT    | LVCMOS25             |       | 12       | SLOW |              |          | 0 / 0    |
| Data_out<7>                        | IOB              | OUTPUT    | LVCMOS25             |       | 12       | SLOW |              |          | 0 / 0    |
| Input_Clk                          | IBUF             | INPUT     | LVCMOS25             |       |          |      |              |          | 0 / 0    |
| Interrupt                          | IBUF             | INPUT     | LVCMOS25             |       |          |      |              |          | 0 / 0    |
| ans_ex<0>                          | IOB              | OUTPUT    | LVCMOS25             |       | 12       | SLOW |              |          | 0 / 0    |
| ans_ex<1>                          | IOB              | OUTPUT    | LVCMOS25             |       | 12       | SLOW |              |          | 0 / 0    |
| ans_ex<2>                          | IOB              | OUTPUT    | LVCMOS25             |       | 12       | SLOW |              |          | 0 / 0    |
| ans_ex<3>                          | IOB              | OUTPUT    | LVCMOS25             |       | 12       | SLOW |              |          | 0 / 0    |
| ans_ex<4>                          | IOB              | OUTPUT    | LVCMOS25             |       | 12       | SLOW |              |          | 0 / 0    |
| ans_ex<5>                          | IOB              | OUTPUT    | LVCMOS25             |       | 12       | SLOW |              |          | 0 / 0    |
| ans_ex<6>                          | IOB              | OUTPUT    | LVCMOS25             |       | 12       | SLOW |              |          | 0 / 0    |
| ans_ex<7>                          | IOB              | OUTPUT    | LVCMOS25             |       | 12       | SLOW |              |          | 0 / 0    |
| mux_sel_a<0>                       | IOB              | OUTPUT    | LVCMOS25             |       | 12       | SLOW |              |          | 0 / 0    |
| mux_sel_a<1>                       | IOB              | OUTPUT    | LVCMOS25             |       | 12       | SLOW |              |          | 0 / 0    |
| mux_sel_b<0>                       | IOB              | OUTPUT    | LVCMOS25             |       | 12       | SLOW |              |          | 0 / 0    |
| mux_sel_b<1>                       | IOB              | OUTPUT    | LVCMOS25             |       | 12       | SLOW |              |          | 0 / 0    |
+---------------------------------------------------------------------------------------------------------------------------------------------------------+

Section 7 - RPMs
----------------

Section 8 - Guide Report
------------------------
Guide not run on this design.

Section 9 - Area Group and Partition Summary
--------------------------------------------

Partition Implementation Status
-------------------------------

  No Partitions were found in this design.

-------------------------------

Area Group Information
----------------------

  No area groups were found in this design.

----------------------

Section 10 - Timing Report
--------------------------
This design was not run using timing mode.

Section 11 - Configuration String Details
-----------------------------------------
Use the "-detail" map option to print out Configuration Strings

Section 12 - Control Set Information
------------------------------------
No control set information for this architecture.

Section 13 - Utilization by Hierarchy
-------------------------------------
Use the "-detail" map option to print out the Utilization by Hierarchy section.
